<?xml version="1.0" encoding="UTF-8"?>
<testsuite name="com.udea.proyecto.integrador.IntegradorApplicationTests" tests="1" skipped="0" failures="0" errors="0" timestamp="2024-11-19T23:57:22" hostname="DESKTOP-Q1RUT5C" time="0.422">
  <properties/>
  <testcase name="contextLoads()" classname="com.udea.proyecto.integrador.IntegradorApplicationTests" time="0.422"/>
  <system-out><![CDATA[18:57:17.539 [Test worker] INFO org.springframework.test.context.support.AnnotationConfigContextLoaderUtils -- Could not detect default configuration classes for test class [com.udea.proyecto.integrador.IntegradorApplicationTests]: IntegradorApplicationTests does not declare any static, non-private, non-final, nested classes annotated with @Configuration.
18:57:17.644 [Test worker] INFO org.springframework.boot.test.context.SpringBootTestContextBootstrapper -- Found @SpringBootConfiguration com.udea.proyecto.integrador.IntegradorApplication for test class com.udea.proyecto.integrador.IntegradorApplicationTests

  .   ____          _            __ _ _
 /\\ / ___'_ __ _ _(_)_ __  __ _ \ \ \ \
( ( )\___ | '_ | '_| | '_ \/ _` | \ \ \ \
 \\/  ___)| |_)| | | | | || (_| |  ) ) ) )
  '  |____| .__|_| |_|_| |_\__, | / / / /
 =========|_|==============|___/=/_/_/_/

 :: Spring Boot ::                (v3.3.3)

2024-11-19T18:57:18.003-05:00  INFO 3720 --- [integrador] [    Test worker] c.u.p.i.IntegradorApplicationTests       : Starting IntegradorApplicationTests using Java 17.0.11 with PID 3720 (started by Manuel in C:\Users\Manuel\OneDrive\Desktop\user api)
2024-11-19T18:57:18.004-05:00  INFO 3720 --- [integrador] [    Test worker] c.u.p.i.IntegradorApplicationTests       : No active profile set, falling back to 1 default profile: "default"
2024-11-19T18:57:18.779-05:00  INFO 3720 --- [integrador] [    Test worker] .s.d.r.c.RepositoryConfigurationDelegate : Bootstrapping Spring Data JPA repositories in DEFAULT mode.
2024-11-19T18:57:18.842-05:00  INFO 3720 --- [integrador] [    Test worker] .s.d.r.c.RepositoryConfigurationDelegate : Finished Spring Data repository scanning in 55 ms. Found 1 JPA repository interface.
2024-11-19T18:57:19.249-05:00  INFO 3720 --- [integrador] [    Test worker] com.zaxxer.hikari.HikariDataSource       : HikariPool-1 - Starting...
2024-11-19T18:57:19.436-05:00  INFO 3720 --- [integrador] [    Test worker] com.zaxxer.hikari.pool.HikariPool        : HikariPool-1 - Added connection conn0: url=jdbc:h2:mem:testdb user=SA
2024-11-19T18:57:19.438-05:00  INFO 3720 --- [integrador] [    Test worker] com.zaxxer.hikari.HikariDataSource       : HikariPool-1 - Start completed.
2024-11-19T18:57:19.546-05:00  INFO 3720 --- [integrador] [    Test worker] o.hibernate.jpa.internal.util.LogHelper  : HHH000204: Processing PersistenceUnitInfo [name: default]
2024-11-19T18:57:19.611-05:00  INFO 3720 --- [integrador] [    Test worker] org.hibernate.Version                    : HHH000412: Hibernate ORM core version 6.5.2.Final
2024-11-19T18:57:19.651-05:00  INFO 3720 --- [integrador] [    Test worker] o.h.c.internal.RegionFactoryInitiator    : HHH000026: Second-level cache disabled
2024-11-19T18:57:19.953-05:00  INFO 3720 --- [integrador] [    Test worker] o.s.o.j.p.SpringPersistenceUnitInfo      : No LoadTimeWeaver setup: ignoring JPA class transformer
2024-11-19T18:57:20.000-05:00  WARN 3720 --- [integrador] [    Test worker] org.hibernate.orm.deprecation            : HHH90000025: H2Dialect does not need to be specified explicitly using 'hibernate.dialect' (remove the property setting and it will be selected by default)
2024-11-19T18:57:20.733-05:00  INFO 3720 --- [integrador] [    Test worker] o.h.e.t.j.p.i.JtaPlatformInitiator       : HHH000489: No JTA platform available (set 'hibernate.transaction.jta.platform' to enable JTA platform integration)
Hibernate: 
    alter table if exists users 
       alter column name set data type varchar(255)
Hibernate: 
    alter table if exists users 
       alter column password set data type varchar(255)
Hibernate: 
    alter table if exists users 
       alter column username set data type varchar(255)
Hibernate: 
    alter table if exists users 
       alter column wallet set data type varchar(255)
2024-11-19T18:57:20.779-05:00  INFO 3720 --- [integrador] [    Test worker] j.LocalContainerEntityManagerFactoryBean : Initialized JPA EntityManagerFactory for persistence unit 'default'
2024-11-19T18:57:21.333-05:00  WARN 3720 --- [integrador] [    Test worker] JpaBaseConfiguration$JpaWebConfiguration : spring.jpa.open-in-view is enabled by default. Therefore, database queries may be performed during view rendering. Explicitly configure spring.jpa.open-in-view to disable this warning
2024-11-19T18:57:22.435-05:00  INFO 3720 --- [integrador] [    Test worker] c.u.p.i.IntegradorApplicationTests       : Started IntegradorApplicationTests in 4.631 seconds (process running for 5.755)
]]></system-out>
  <system-err><![CDATA[]]></system-err>
</testsuite>
